# JRE version: Java(TM) SE Runtime Environment (8.0_181-b13) (build 1.8.0_181-b13)
# Java VM: Java HotSpot(TM) 64-Bit Server VM (25.181-b13 mixed mode windows-amd64 compressed oops)
Heap:
 PSYoungGen      total 6656K, used 3357K [0x00000000ebb80000, 0x00000000ec280000, 0x0000000100000000)
  eden space 6144K, 54% used [0x00000000ebb80000,0x00000000ebec76c0,0x00000000ec180000)
  from space 512K, 0% used [0x00000000ec180000,0x00000000ec180000,0x00000000ec200000)
  to   space 512K, 0% used [0x00000000ec200000,0x00000000ec200000,0x00000000ec280000)
 ParOldGen       total 10240K, used 4639K [0x00000000c3200000, 0x00000000c3c00000, 0x00000000ebb80000)
  object space 10240K, 45% used [0x00000000c3200000,0x00000000c3687ed8,0x00000000c3c00000)
 Metaspace       used 7373K, capacity 8244K, committed 8448K, reserved 1056768K
  class space    used 898K, capacity 944K, committed 1024K, reserved 1048576K
GC Heap History (10 events):
Event: 1.496 GC heap before
{Heap before GC invocations=2 (full 0):
 PSYoungGen      total 2048K, used 2028K [0x00000000ebb80000, 0x00000000ebf80000, 0x0000000100000000)
  eden space 1536K, 99% used [0x00000000ebb80000,0x00000000ebcff048,0x00000000ebd00000)
  from space 512K, 96% used [0x00000000ebd00000,0x00000000ebd7c010,0x00000000ebd80000)
  to   space 512K, 0% used [0x00000000ebf00000,0x00000000ebf00000,0x00000000ebf80000)
 ParOldGen       total 5632K, used 56K [0x00000000c3200000, 0x00000000c3780000, 0x00000000ebb80000)
  object space 5632K, 0% used [0x00000000c3200000,0x00000000c320e020,0x00000000c3780000)
 Metaspace       used 4147K, capacity 5388K, committed 5760K, reserved 1056768K
  class space    used 494K, capacity 520K, committed 640K, reserved 1048576K
Event: 1.503 GC heap after
Heap after GC invocations=2 (full 0):
 PSYoungGen      total 3584K, used 480K [0x00000000ebb80000, 0x00000000ebf80000, 0x0000000100000000)
  eden space 3072K, 0% used [0x00000000ebb80000,0x00000000ebb80000,0x00000000ebe80000)
  from space 512K, 93% used [0x00000000ebf00000,0x00000000ebf78020,0x00000000ebf80000)
  to   space 512K, 0% used [0x00000000ebe80000,0x00000000ebe80000,0x00000000ebf00000)
 ParOldGen       total 5632K, used 88K [0x00000000c3200000, 0x00000000c3780000, 0x00000000ebb80000)
  object space 5632K, 1% used [0x00000000c3200000,0x00000000c3216020,0x00000000c3780000)
 Metaspace       used 4147K, capacity 5388K, committed 5760K, reserved 1056768K
  class space    used 494K, capacity 520K, committed 640K, reserved 1048576K
}
Event: 2.513 GC heap before
{Heap before GC invocations=3 (full 0):
 PSYoungGen      total 3584K, used 3545K [0x00000000ebb80000, 0x00000000ebf80000, 0x0000000100000000)
  eden space 3072K, 99% used [0x00000000ebb80000,0x00000000ebe7e610,0x00000000ebe80000)
  from space 512K, 93% used [0x00000000ebf00000,0x00000000ebf78020,0x00000000ebf80000)
  to   space 512K, 0% used [0x00000000ebe80000,0x00000000ebe80000,0x00000000ebf00000)
 ParOldGen       total 5632K, used 88K [0x00000000c3200000, 0x00000000c3780000, 0x00000000ebb80000)
  object space 5632K, 1% used [0x00000000c3200000,0x00000000c3216020,0x00000000c3780000)
 Metaspace       used 5087K, capacity 6284K, committed 6656K, reserved 1056768K
  class space    used 625K, capacity 648K, committed 768K, reserved 1048576K
Event: 2.553 GC heap after
Heap after GC invocations=3 (full 0):
 PSYoungGen      total 3584K, used 495K [0x00000000ebb80000, 0x00000000ec280000, 0x0000000100000000)
  eden space 3072K, 0% used [0x00000000ebb80000,0x00000000ebb80000,0x00000000ebe80000)
  from space 512K, 96% used [0x00000000ebe80000,0x00000000ebefbc30,0x00000000ebf00000)
  to   space 512K, 0% used [0x00000000ec200000,0x00000000ec200000,0x00000000ec280000)
 ParOldGen       total 5632K, used 580K [0x00000000c3200000, 0x00000000c3780000, 0x00000000ebb80000)
  object space 5632K, 10% used [0x00000000c3200000,0x00000000c3291070,0x00000000c3780000)
 Metaspace       used 5087K, capacity 6284K, committed 6656K, reserved 1056768K
  class space    used 625K, capacity 648K, committed 768K, reserved 1048576K
}
Event: 3.531 GC heap before
{Heap before GC invocations=4 (full 0):
 PSYoungGen      total 3584K, used 3567K [0x00000000ebb80000, 0x00000000ec280000, 0x0000000100000000)
  eden space 3072K, 100% used [0x00000000ebb80000,0x00000000ebe80000,0x00000000ebe80000)
  from space 512K, 96% used [0x00000000ebe80000,0x00000000ebefbc30,0x00000000ebf00000)
  to   space 512K, 0% used [0x00000000ec200000,0x00000000ec200000,0x00000000ec280000)
 ParOldGen       total 5632K, used 580K [0x00000000c3200000, 0x00000000c3780000, 0x00000000ebb80000)
  object space 5632K, 10% used [0x00000000c3200000,0x00000000c3291070,0x00000000c3780000)
 Metaspace       used 6179K, capacity 7280K, committed 7552K, reserved 1056768K
  class space    used 779K, capacity 812K, committed 896K, reserved 1048576K
Event: 3.537 GC heap after
Heap after GC invocations=4 (full 0):
 PSYoungGen      total 6656K, used 480K [0x00000000ebb80000, 0x00000000ec280000, 0x0000000100000000)
  eden space 6144K, 0% used [0x00000000ebb80000,0x00000000ebb80000,0x00000000ec180000)
  from space 512K, 93% used [0x00000000ec200000,0x00000000ec278010,0x00000000ec280000)
  to   space 512K, 0% used [0x00000000ec180000,0x00000000ec180000,0x00000000ec200000)
 ParOldGen       total 5632K, used 905K [0x00000000c3200000, 0x00000000c3780000, 0x00000000ebb80000)
  object space 5632K, 16% used [0x00000000c3200000,0x00000000c32e2570,0x00000000c3780000)
 Metaspace       used 6179K, capacity 7280K, committed 7552K, reserved 1056768K
  class space    used 779K, capacity 812K, committed 896K, reserved 1048576K
}
Event: 4.821 GC heap before
{Heap before GC invocations=5 (full 0):
 PSYoungGen      total 6656K, used 6624K [0x00000000ebb80000, 0x00000000ec280000, 0x0000000100000000)
  eden space 6144K, 100% used [0x00000000ebb80000,0x00000000ec180000,0x00000000ec180000)
  from space 512K, 93% used [0x00000000ec200000,0x00000000ec278010,0x00000000ec280000)
  to   space 512K, 0% used [0x00000000ec180000,0x00000000ec180000,0x00000000ec200000)
 ParOldGen       total 5632K, used 905K [0x00000000c3200000, 0x00000000c3780000, 0x00000000ebb80000)
  object space 5632K, 16% used [0x00000000c3200000,0x00000000c32e2570,0x00000000c3780000)
 Metaspace       used 7352K, capacity 8244K, committed 8448K, reserved 1056768K
  class space    used 897K, capacity 944K, committed 1024K, reserved 1048576K
Event: 4.837 GC heap after
Heap after GC invocations=5 (full 0):
 PSYoungGen      total 6656K, used 483K [0x00000000ebb80000, 0x00000000ec280000, 0x0000000100000000)
  eden space 6144K, 0% used [0x00000000ebb80000,0x00000000ebb80000,0x00000000ec180000)
  from space 512K, 94% used [0x00000000ec180000,0x00000000ec1f8fe0,0x00000000ec200000)
  to   space 512K, 0% used [0x00000000ec200000,0x00000000ec200000,0x00000000ec280000)
 ParOldGen       total 5632K, used 4250K [0x00000000c3200000, 0x00000000c3780000, 0x00000000ebb80000)
  object space 5632K, 75% used [0x00000000c3200000,0x00000000c3626b50,0x00000000c3780000)
 Metaspace       used 7352K, capacity 8244K, committed 8448K, reserved 1056768K
  class space    used 897K, capacity 944K, committed 1024K, reserved 1048576K
}
Event: 4.837 GC heap before
{Heap before GC invocations=6 (full 1):
 PSYoungGen      total 6656K, used 483K [0x00000000ebb80000, 0x00000000ec280000, 0x0000000100000000)
  eden space 6144K, 0% used [0x00000000ebb80000,0x00000000ebb80000,0x00000000ec180000)
  from space 512K, 94% used [0x00000000ec180000,0x00000000ec1f8fe0,0x00000000ec200000)
  to   space 512K, 0% used [0x00000000ec200000,0x00000000ec200000,0x00000000ec280000)
 ParOldGen       total 5632K, used 4250K [0x00000000c3200000, 0x00000000c3780000, 0x00000000ebb80000)
  object space 5632K, 75% used [0x00000000c3200000,0x00000000c3626b50,0x00000000c3780000)
 Metaspace       used 7352K, capacity 8244K, committed 8448K, reserved 1056768K
  class space    used 897K, capacity 944K, committed 1024K, reserved 1048576K
Event: 4.999 GC heap after
Heap after GC invocations=6 (full 1):
 PSYoungGen      total 6656K, used 0K [0x00000000ebb80000, 0x00000000ec280000, 0x0000000100000000)
  eden space 6144K, 0% used [0x00000000ebb80000,0x00000000ebb80000,0x00000000ec180000)
  from space 512K, 0% used [0x00000000ec180000,0x00000000ec180000,0x00000000ec200000)
  to   space 512K, 0% used [0x00000000ec200000,0x00000000ec200000,0x00000000ec280000)
 ParOldGen       total 10240K, used 4639K [0x00000000c3200000, 0x00000000c3c00000, 0x00000000ebb80000)
  object space 10240K, 45% used [0x00000000c3200000,0x00000000c3687ed8,0x00000000c3c00000)
 Metaspace       used 7352K, capacity 8244K, committed 8448K, reserved 1056768K
  class space    used 897K, capacity 944K, committed 1024K, reserved 1048576K
}

